Command line:
   seven_seg_tf_isim_beh.exe
     -simmode  gui
     -simrunnum  0
     -socket  49209

Tue Sep 23 22:41:17 2014


 Elaboration Time: 0.031201 sec

 Current Memory Usage: 663.38 Meg

 Total Signals          : 15
 Total Nets             : 23
 Total Signal Drivers   : 7
 Total Blocks           : 3
 Total Primitive Blocks : 2
 Total Processes        : 10
 Total Traceable Variables  : 20
 Total Scalar Nets and Variables : 113
Total Line Count : 29

 Total Simulation Time: 0.140401 sec

 Current Memory Usage: 663.38 Meg

Tue Sep 23 22:41:28 2014

