INFO:sim:172 - Generating IP...
Applying current project options...
Finished applying current project options.
WARNING:sim - A core named 'snake_mem' already exists in the project. Output
   products for this core may be overwritten.
Resolving generics for 'snake_mem'...
WARNING:sim - A core named 'snake_mem' already exists in the project. Output
   products for this core may be overwritten.
Applying external generics to 'snake_mem'...
Delivering associated files for 'snake_mem'...
Delivering EJava files for 'snake_mem'...
Generating implementation netlist for 'snake_mem'...
INFO:sim - Pre-processing HDL files for 'snake_mem'...
Running synthesis for 'snake_mem'
Running ngcbuild...
Writing VEO instantiation template for 'snake_mem'...
Writing Verilog behavioral simulation model for 'snake_mem'...
WARNING:sim - Overwriting existing file
   Z:/Desktop/LabDigitales/Proyecto/ipcore_dir/tmp/_cg/snake_mem/doc/blk_mem_gen
   _v7_3_vinfo.html with file from view xilinx_documentation
Delivered 1 file into directory
Z:/Desktop/LabDigitales/Proyecto/ipcore_dir/tmp/_cg/snake_mem
Generating ASY schematic symbol...
INFO:sim:949 - Finished generation of ASY schematic symbol.
Generating SYM schematic symbol for 'snake_mem'...
Generating metadata file...
Regenerating ISE project file for 'snake_mem'...
Generating ISE project...
XCO file found: snake_mem.xco
XMDF file found: snake_mem_xmdf.tcl
Adding Z:/Desktop/LabDigitales/Proyecto/ipcore_dir/tmp/_cg/snake_mem.asy -view
all -origin_type imported
Adding Z:/Desktop/LabDigitales/Proyecto/ipcore_dir/tmp/_cg/snake_mem.ngc -view
all -origin_type created
Checking file
"Z:/Desktop/LabDigitales/Proyecto/ipcore_dir/tmp/_cg/snake_mem.ngc" for project
device match ...
File "Z:/Desktop/LabDigitales/Proyecto/ipcore_dir/tmp/_cg/snake_mem.ngc" device
information matches project device.
Adding Z:/Desktop/LabDigitales/Proyecto/ipcore_dir/tmp/_cg/snake_mem.sym -view
all -origin_type imported
Adding Z:/Desktop/LabDigitales/Proyecto/ipcore_dir/tmp/_cg/snake_mem.v -view all
-origin_type created
INFO:HDLCompiler:1845 - Analyzing Verilog file
   "Z:/Desktop/LabDigitales/Proyecto/ipcore_dir/tmp/_cg/snake_mem.v" into
   library work
INFO:ProjectMgmt - Parsing design hierarchy completed successfully.
Adding Z:/Desktop/LabDigitales/Proyecto/ipcore_dir/tmp/_cg/snake_mem.veo -view
all -origin_type imported
INFO:TclTasksC:2116 - The automatic calculation of top has been turned-off.
   Please set the new top explicitly by running the "project set top" command.
   To re-calculate the new top automatically, set the "Auto Implementation Top"
   property to true.
Top level has been set to "/snake_mem"
Generating README file...
Generating FLIST file...
INFO:sim:948 - Finished FLIST file generation.
Launching README viewer...
Moving files to output directory...
Finished moving files to output directory
Wrote CGP file for project 'snake_mem'.
