Command line:
   mux_2_tf_isim_beh.exe
     -simmode  gui
     -simrunnum  0
     -socket  50630

Mon Sep 22 18:33:23 2014


 Elaboration Time: 0.046875 sec

 Current Memory Usage: 359.51 Meg

 Total Signals          : 20
 Total Nets             : 55
 Total Signal Drivers   : 11
 Total Blocks           : 3
 Total Primitive Blocks : 2
 Total Processes        : 13
 Total Traceable Variables  : 23
 Total Scalar Nets and Variables : 169
Total Line Count : 27

 Total Simulation Time: 0.25 sec

 Current Memory Usage: 359.51 Meg

Mon Sep 22 18:33:37 2014

