Command line:
   Adder_tf_isim_beh.exe
     -simmode  gui
     -simrunnum  0
     -socket  2036

Mon Sep 22 22:56:28 2014


 Elaboration Time: 0.0936 sec

 Current Memory Usage: 1313.87 Meg

 Total Signals          : 85
 Total Nets             : 78
 Total Signal Drivers   : 56
 Total Blocks           : 11
 Total Primitive Blocks : 9
 Total Processes        : 58
 Total Traceable Variables  : 22
 Total Scalar Nets and Variables : 238
Total Line Count : 61

 Total Simulation Time: 0.0936 sec

 Current Memory Usage: 1313.87 Meg

Mon Sep 22 22:56:34 2014

