Command line:
   sin_wave_tf_isim_beh.exe
     -simmode  gui
     -simrunnum  0
     -socket  49696

Sat Nov 01 21:49:14 2014


 Elaboration Time: 0.062401 sec

 Current Memory Usage: 663.45 Meg

 Total Signals          : 163
 Total Nets             : 484
 Total Signal Drivers   : 69
 Total Blocks           : 20
 Total Primitive Blocks : 15
 Total Processes        : 84
 Total Traceable Variables  : 340
 Total Scalar Nets and Variables : 18732
Total Line Count : 436

 Total Simulation Time: 0.686404 sec

 Current Memory Usage: 663.45 Meg

Sat Nov 01 21:54:03 2014

