INFO:sim:172 - Generating IP...
Resolving generics for 'mime'...
Applying external generics to 'mime'...
Delivering associated files for 'mime'...
Delivering EJava files for 'mime'...
Generating implementation netlist for 'mime'...
INFO:sim - Pre-processing HDL files for 'mime'...
Running synthesis for 'mime'
Running ngcbuild...
Writing VEO instantiation template for 'mime'...
Writing Verilog behavioral simulation model for 'mime'...
WARNING:sim - Overwriting existing file
   Z:/Desktop/LabDigitales/Experiencia_3/Modulos_Bozzo/Mods/ipcore_dir/tmp/_cg/m
   ime/doc/blk_mem_gen_v7_3_vinfo.html with file from view xilinx_documentation
Delivered 1 file into directory
Z:/Desktop/LabDigitales/Experiencia_3/Modulos_Bozzo/Mods/ipcore_dir/tmp/_cg/mime
Generating ASY schematic symbol...
INFO:sim:949 - Finished generation of ASY schematic symbol.
Generating SYM schematic symbol for 'mime'...
Generating metadata file...
Generating ISE project file for 'mime'...
Generating ISE project...
XCO file found: mime.xco
XMDF file found: mime_xmdf.tcl
Adding
Z:/Desktop/LabDigitales/Experiencia_3/Modulos_Bozzo/Mods/ipcore_dir/tmp/_cg/mime
.asy -view all -origin_type imported
Adding
Z:/Desktop/LabDigitales/Experiencia_3/Modulos_Bozzo/Mods/ipcore_dir/tmp/_cg/mime
.ngc -view all -origin_type created
Checking file
"Z:/Desktop/LabDigitales/Experiencia_3/Modulos_Bozzo/Mods/ipcore_dir/tmp/_cg/mim
e.ngc" for project device match ...
File
"Z:/Desktop/LabDigitales/Experiencia_3/Modulos_Bozzo/Mods/ipcore_dir/tmp/_cg/mim
e.ngc" device information matches project device.
Adding
Z:/Desktop/LabDigitales/Experiencia_3/Modulos_Bozzo/Mods/ipcore_dir/tmp/_cg/mime
.sym -view all -origin_type imported
Adding
Z:/Desktop/LabDigitales/Experiencia_3/Modulos_Bozzo/Mods/ipcore_dir/tmp/_cg/mime
.v -view all -origin_type created
INFO:HDLCompiler:1845 - Analyzing Verilog file
   "Z:/Desktop/LabDigitales/Experiencia_3/Modulos_Bozzo/Mods/ipcore_dir/tmp/_cg/
   mime.v" into library work
INFO:ProjectMgmt - Parsing design hierarchy completed successfully.
Adding
Z:/Desktop/LabDigitales/Experiencia_3/Modulos_Bozzo/Mods/ipcore_dir/tmp/_cg/mime
.veo -view all -origin_type imported
INFO:TclTasksC:2116 - The automatic calculation of top has been turned-off.
   Please set the new top explicitly by running the "project set top" command.
   To re-calculate the new top automatically, set the "Auto Implementation Top"
   property to true.
Top level has been set to "/mime"
Generating README file...
Generating FLIST file...
INFO:sim:948 - Finished FLIST file generation.
Launching README viewer...
Moving files to output directory...
Finished moving files to output directory
Wrote CGP file for project 'mime'.
