Command line:
   pwm_tf_isim_beh.exe
     -simmode  gui
     -simrunnum  0
     -socket  49355

Wed Nov 12 15:54:19 2014


 Elaboration Time: 0.031201 sec

 Current Memory Usage: 666.477 Meg

 Total Signals          : 17
 Total Nets             : 24
 Total Signal Drivers   : 8
 Total Blocks           : 3
 Total Primitive Blocks : 2
 Total Processes        : 13
 Total Traceable Variables  : 21
 Total Scalar Nets and Variables : 123
Total Line Count : 33

 Total Simulation Time: 1.99681 sec

 Current Memory Usage: 666.477 Meg

Wed Nov 12 15:56:14 2014

