--------------------------------------------------------------------------------
Release 14.7 Trace  (nt64)
Copyright (c) 1995-2013 Xilinx, Inc.  All rights reserved.

C:\Xilinx\14.7\ISE_DS\ISE\bin\nt64\unwrapped\trce.exe -intstyle ise -v 3 -s 5
-n 3 -fastpaths -xml pong.twx pong.ncd -o pong.twr pong.pcf -ucf fpga.ucf

Design file:              pong.ncd
Physical constraint file: pong.pcf
Device,package,speed:     xc3s100e,cp132,-5 (PRODUCTION 1.27 2013-10-13)
Report level:             verbose report

Environment Variable      Effect 
--------------------      ------ 
NONE                      No environment variables were set
--------------------------------------------------------------------------------

INFO:Timing:2698 - No timing constraints found, doing default enumeration.
INFO:Timing:3412 - To improve timing, see the Timing Closure User Guide (UG612).
INFO:Timing:2752 - To get complete path coverage, use the unconstrained paths 
   option. All paths that are not constrained will be reported in the 
   unconstrained paths section(s) of the report.
INFO:Timing:3339 - The clock-to-out numbers in this timing report are based on 
   a 50 Ohm transmission line loading model.  For the details of this model, 
   and for more information on accounting for different loading conditions, 
   please see the device datasheet.
INFO:Timing:3390 - This architecture does not support a default System Jitter 
   value, please add SYSTEM_JITTER constraint to the UCF to modify the Clock 
   Uncertainty calculation.
INFO:Timing:3389 - This architecture does not support 'Discrete Jitter' and 
   'Phase Error' calculations, these terms will be zero in the Clock 
   Uncertainty calculation.  Please make appropriate modification to 
   SYSTEM_JITTER to account for the unsupported Discrete Jitter and Phase 
   Error.



Data Sheet report:
-----------------
All values displayed in nanoseconds (ns)

Setup/Hold to clock mclk
------------+------------+------------+------------------+--------+
            |Max Setup to|Max Hold to |                  | Clock  |
Source      | clk (edge) | clk (edge) |Internal Clock(s) | Phase  |
------------+------------+------------+------------------+--------+
btn<0>      |    0.565(R)|    0.652(R)|mclk_BUFGP        |   0.000|
sw<0>       |    1.415(R)|   -0.035(R)|mclk_BUFGP        |   0.000|
sw<1>       |    1.196(R)|    0.139(R)|mclk_BUFGP        |   0.000|
sw<2>       |    1.073(R)|    0.237(R)|mclk_BUFGP        |   0.000|
sw<3>       |    0.857(R)|    0.411(R)|mclk_BUFGP        |   0.000|
sw<4>       |    1.043(R)|    0.262(R)|mclk_BUFGP        |   0.000|
sw<5>       |    0.791(R)|    0.463(R)|mclk_BUFGP        |   0.000|
sw<6>       |    0.484(R)|    0.709(R)|mclk_BUFGP        |   0.000|
sw<7>       |    1.736(R)|   -0.293(R)|mclk_BUFGP        |   0.000|
------------+------------+------------+------------------+--------+

Clock mclk to Pad
------------+------------+------------------+--------+
            | clk (edge) |                  | Clock  |
Destination |   to PAD   |Internal Clock(s) | Phase  |
------------+------------+------------------+--------+
OutBlue<1>  |   10.586(R)|mclk_BUFGP        |   0.000|
OutBlue<2>  |   11.063(R)|mclk_BUFGP        |   0.000|
OutGreen<0> |   10.814(R)|mclk_BUFGP        |   0.000|
OutGreen<1> |   11.052(R)|mclk_BUFGP        |   0.000|
OutGreen<2> |   10.825(R)|mclk_BUFGP        |   0.000|
OutRed<0>   |   11.605(R)|mclk_BUFGP        |   0.000|
OutRed<1>   |   11.049(R)|mclk_BUFGP        |   0.000|
OutRed<2>   |   10.846(R)|mclk_BUFGP        |   0.000|
------------+------------+------------------+--------+

Clock to Setup on destination clock mclk
---------------+---------+---------+---------+---------+
               | Src:Rise| Src:Fall| Src:Rise| Src:Fall|
Source Clock   |Dest:Rise|Dest:Rise|Dest:Fall|Dest:Fall|
---------------+---------+---------+---------+---------+
mclk           |    6.642|         |         |         |
---------------+---------+---------+---------+---------+


Analysis completed Sun Oct 12 03:55:18 2014 
--------------------------------------------------------------------------------

Trace Settings:
-------------------------
Trace Settings 

Peak Memory Usage: 155 MB



