Command line:
   seven_seg_isim_beh.exe
     -simmode  gui
     -simrunnum  0
     -socket  49207

Tue Sep 23 22:40:32 2014


 Elaboration Time: 0.0468 sec

 Current Memory Usage: 663.38 Meg

 Total Signals          : 14
 Total Nets             : 23
 Total Signal Drivers   : 6
 Total Blocks           : 2
 Total Primitive Blocks : 2
 Total Processes        : 8
 Total Traceable Variables  : 19
 Total Scalar Nets and Variables : 111
Total Line Count : 20

 Total Simulation Time: 0.0468 sec

 Current Memory Usage: 663.38 Meg

Tue Sep 23 22:40:38 2014

