Command line:
   Sha_tf_isim_beh.exe
     -simmode  gui
     -simrunnum  1
     -socket  6255

Fri Oct 10 23:53:15 2014


 Elaboration Time: 0.078 sec

 Current Memory Usage: 1156.6 Meg

 Total Signals          : 44
 Total Nets             : 37
 Total Signal Drivers   : 26
 Total Blocks           : 8
 Total Primitive Blocks : 4
 Total Processes        : 32
 Total Traceable Variables  : 28
 Total Scalar Nets and Variables : 314
Total Line Count : 55

 Total Simulation Time: 0.0936 sec

 Current Memory Usage: 1313.85 Meg

Fri Oct 10 23:53:45 2014

