Command line:
   ball_tf_isim_beh.exe
     -simmode  gui
     -simrunnum  0
     -socket  49225

Thu Oct 09 15:30:29 2014


 Elaboration Time: 0.031201 sec

 Current Memory Usage: 667.521 Meg

 Total Signals          : 21
 Total Nets             : 58
 Total Signal Drivers   : 13
 Total Blocks           : 3
 Total Primitive Blocks : 2
 Total Processes        : 17
 Total Traceable Variables  : 34
 Total Scalar Nets and Variables : 272
Total Line Count : 49

 Total Simulation Time: 0.187202 sec

 Current Memory Usage: 667.521 Meg

Thu Oct 09 15:30:49 2014

