Command line:
   jump_tf_isim_beh.exe
     -simmode  gui
     -simrunnum  0
     -socket  49718

Sat Nov 01 22:50:32 2014


 Elaboration Time: 0.078 sec

 Current Memory Usage: 663.384 Meg

 Total Signals          : 16
 Total Nets             : 51
 Total Signal Drivers   : 8
 Total Blocks           : 3
 Total Primitive Blocks : 2
 Total Processes        : 12
 Total Traceable Variables  : 21
 Total Scalar Nets and Variables : 169
Total Line Count : 96

 Total Simulation Time: 0.374402 sec

 Current Memory Usage: 977.957 Meg

Sat Nov 01 22:51:10 2014

