Command line:
   ReClock_tf_isim_beh.exe
     -simmode  gui
     -simrunnum  0
     -socket  2264

Tue Sep 23 00:25:49 2014


 Elaboration Time: 0.0468 sec

 Current Memory Usage: 1313.89 Meg

 Total Signals          : 182
 Total Nets             : 160
 Total Signal Drivers   : 121
 Total Blocks           : 25
 Total Primitive Blocks : 15
 Total Processes        : 128
 Total Traceable Variables  : 41
 Total Scalar Nets and Variables : 646
Total Line Count : 147

 Total Simulation Time: 0.0624 sec

 Current Memory Usage: 841.994 Meg

Tue Sep 23 00:27:40 2014

