--------------------------------------------------------------------------------
Release 14.7 Trace  (nt64)
Copyright (c) 1995-2013 Xilinx, Inc.  All rights reserved.

C:\Xilinx\14.7\ISE_DS\ISE\bin\nt64\unwrapped\trce.exe -intstyle ise -v 3 -s 5
-n 3 -fastpaths -xml top.twx top.ncd -o top.twr top.pcf -ucf fpga.ucf

Design file:              top.ncd
Physical constraint file: top.pcf
Device,package,speed:     xc3s100e,cp132,-5 (PRODUCTION 1.27 2013-10-13)
Report level:             verbose report

Environment Variable      Effect 
--------------------      ------ 
NONE                      No environment variables were set
--------------------------------------------------------------------------------

INFO:Timing:2698 - No timing constraints found, doing default enumeration.
INFO:Timing:3412 - To improve timing, see the Timing Closure User Guide (UG612).
INFO:Timing:2752 - To get complete path coverage, use the unconstrained paths 
   option. All paths that are not constrained will be reported in the 
   unconstrained paths section(s) of the report.
INFO:Timing:3339 - The clock-to-out numbers in this timing report are based on 
   a 50 Ohm transmission line loading model.  For the details of this model, 
   and for more information on accounting for different loading conditions, 
   please see the device datasheet.
INFO:Timing:3390 - This architecture does not support a default System Jitter 
   value, please add SYSTEM_JITTER constraint to the UCF to modify the Clock 
   Uncertainty calculation.
INFO:Timing:3389 - This architecture does not support 'Discrete Jitter' and 
   'Phase Error' calculations, these terms will be zero in the Clock 
   Uncertainty calculation.  Please make appropriate modification to 
   SYSTEM_JITTER to account for the unsupported Discrete Jitter and Phase 
   Error.



Data Sheet report:
-----------------
All values displayed in nanoseconds (ns)

Setup/Hold to clock mclk
------------+------------+------------+------------------+--------+
            |Max Setup to|Max Hold to |                  | Clock  |
Source      | clk (edge) | clk (edge) |Internal Clock(s) | Phase  |
------------+------------+------------+------------------+--------+
sw<0>       |    3.066(R)|    0.638(R)|mclk_BUFGP        |   0.000|
------------+------------+------------+------------------+--------+

Clock mclk to Pad
------------+------------+------------------+--------+
            | clk (edge) |                  | Clock  |
Destination |   to PAD   |Internal Clock(s) | Phase  |
------------+------------+------------------+--------+
HSYNC       |    9.135(R)|mclk_BUFGP        |   0.000|
Led<0>      |   10.275(R)|mclk_BUFGP        |   0.000|
Led<1>      |   10.043(R)|mclk_BUFGP        |   0.000|
Led<2>      |    9.849(R)|mclk_BUFGP        |   0.000|
Led<3>      |    9.234(R)|mclk_BUFGP        |   0.000|
Led<4>      |    9.781(R)|mclk_BUFGP        |   0.000|
Led<5>      |    9.459(R)|mclk_BUFGP        |   0.000|
Led<6>      |    9.437(R)|mclk_BUFGP        |   0.000|
Led<7>      |    9.049(R)|mclk_BUFGP        |   0.000|
OutBlue<1>  |   10.535(R)|mclk_BUFGP        |   0.000|
OutBlue<2>  |   10.505(R)|mclk_BUFGP        |   0.000|
OutGreen<0> |   10.746(R)|mclk_BUFGP        |   0.000|
OutGreen<1> |   10.743(R)|mclk_BUFGP        |   0.000|
OutRed<0>   |   11.377(R)|mclk_BUFGP        |   0.000|
OutRed<1>   |   11.179(R)|mclk_BUFGP        |   0.000|
OutRed<2>   |   10.960(R)|mclk_BUFGP        |   0.000|
VSYNC       |    9.136(R)|mclk_BUFGP        |   0.000|
------------+------------+------------------+--------+

Clock to Setup on destination clock mclk
---------------+---------+---------+---------+---------+
               | Src:Rise| Src:Fall| Src:Rise| Src:Fall|
Source Clock   |Dest:Rise|Dest:Rise|Dest:Fall|Dest:Fall|
---------------+---------+---------+---------+---------+
mclk           |    6.803|         |         |         |
---------------+---------+---------+---------+---------+


Analysis completed Wed Dec 03 16:25:26 2014 
--------------------------------------------------------------------------------

Trace Settings:
-------------------------
Trace Settings 

Peak Memory Usage: 152 MB



