Release 14.7 Map P.20131013 (nt64)
Xilinx Mapping Report File for Design 'Piano'

Design Information
------------------
Command Line   : map -intstyle ise -p xc3s100e-cp132-5 -cm area -ir off -pr off
-c 100 -o Piano_map.ncd Piano.ngd Piano.pcf 
Target Device  : xc3s100e
Target Package : cp132
Target Speed   : -5
Mapper Version : spartan3e -- $Revision: 1.55 $
Mapped Date    : Wed Nov 19 12:26:11 2014

Design Summary
--------------
Number of errors:      0
Number of warnings:   54
Logic Utilization:
  Number of Slice Flip Flops:           250 out of   1,920   13%
  Number of 4 input LUTs:             1,231 out of   1,920   64%
Logic Distribution:
  Number of occupied Slices:            872 out of     960   90%
    Number of Slices containing only related logic:     872 out of     872 100%
    Number of Slices containing unrelated logic:          0 out of     872   0%
      *See NOTES below for an explanation of the effects of unrelated logic.
  Total Number of 4 input LUTs:       1,626 out of   1,920   84%
    Number used as logic:             1,231
    Number used as a route-thru:        395

  The Slice Logic Distribution report is not meaningful if the design is
  over-mapped for a non-slice resource or if Placement fails.

  Number of bonded IOBs:                 38 out of      83   45%
  Number of RAMB16s:                      2 out of       4   50%
  Number of BUFGMUXs:                     3 out of      24   12%

Average Fanout of Non-Clock Nets:                2.93

Peak Memory Usage:  263 MB
Total REAL time to MAP completion:  2 secs 
Total CPU time to MAP completion:   2 secs 

NOTES:

   Related logic is defined as being logic that shares connectivity - e.g. two
   LUTs are "related" if they share common inputs.  When assembling slices,
   Map gives priority to combine logic that is related.  Doing so results in
   the best timing performance.

   Unrelated logic shares no connectivity.  Map will only begin packing
   unrelated logic into a slice once 99% of the slices are occupied through
   related logic packing.

   Note that once logic distribution reaches the 99% level through related
   logic packing, this does not mean the device is completely utilized.
   Unrelated logic packing will then begin, continuing until all usable LUTs
   and FFs are occupied.  Depending on your timing budget, increased levels of
   unrelated logic packing may adversely affect the overall timing performance
   of your design.

Table of Contents
-----------------
Section 1 - Errors
Section 2 - Warnings
Section 3 - Informational
Section 4 - Removed Logic Summary
Section 5 - Removed Logic
Section 6 - IOB Properties
Section 7 - RPMs
Section 8 - Guide Report
Section 9 - Area Group and Partition Summary
Section 10 - Timing Report
Section 11 - Configuration String Information
Section 12 - Control Set Information
Section 13 - Utilization by Hierarchy

Section 1 - Errors
------------------

Section 2 - Warnings
--------------------
WARNING:Pack:249 - The following adjacent carry multiplexers occupy different
   slice components.  The resulting carry chain will have suboptimal timing.
   	sound_i/Mcompar_remainder_accum_cmp_le0000_cy<12>
   	sound_i/Maccum_remainder_accum_cy<0>
WARNING:PhysDesignRules:367 - The signal <sw<0>_IBUF> is incomplete. The signal
   does not drive any load pins in the design.
WARNING:PhysDesignRules:367 - The signal <sw<1>_IBUF> is incomplete. The signal
   does not drive any load pins in the design.
WARNING:PhysDesignRules:367 - The signal <sw<2>_IBUF> is incomplete. The signal
   does not drive any load pins in the design.
WARNING:PhysDesignRules:367 - The signal <sw<3>_IBUF> is incomplete. The signal
   does not drive any load pins in the design.
WARNING:PhysDesignRules:367 - The signal <sw<4>_IBUF> is incomplete. The signal
   does not drive any load pins in the design.
WARNING:PhysDesignRules:367 - The signal <sw<5>_IBUF> is incomplete. The signal
   does not drive any load pins in the design.
WARNING:PhysDesignRules:367 - The signal <sw<6>_IBUF> is incomplete. The signal
   does not drive any load pins in the design.
WARNING:PhysDesignRules:367 - The signal <sw<7>_IBUF> is incomplete. The signal
   does not drive any load pins in the design.
WARNING:PhysDesignRules:367 - The signal <btn<1>_IBUF> is incomplete. The signal
   does not drive any load pins in the design.
WARNING:PhysDesignRules:367 - The signal <btn<2>_IBUF> is incomplete. The signal
   does not drive any load pins in the design.
WARNING:PhysDesignRules:367 - The signal <btn<3>_IBUF> is incomplete. The signal
   does not drive any load pins in the design.
WARNING:PhysDesignRules:781 - PULLUP on an active net. PULLUP of comp salida_pwm
   is set but the tri state is not configured. 
WARNING:PhysDesignRules:781 - PULLUP on an active net. PULLUP of comp HSYNC is
   set but the tri state is not configured. 
WARNING:PhysDesignRules:781 - PULLUP on an active net. PULLUP of comp VSYNC is
   set but the tri state is not configured. 
WARNING:PhysDesignRules:781 - PULLUP on an active net. PULLUP of comp
   OutGreen<0> is set but the tri state is not configured. 
WARNING:PhysDesignRules:781 - PULLUP on an active net. PULLUP of comp
   OutGreen<1> is set but the tri state is not configured. 
WARNING:PhysDesignRules:781 - PULLUP on an active net. PULLUP of comp
   OutGreen<2> is set but the tri state is not configured. 
WARNING:PhysDesignRules:781 - PULLUP on an active net. PULLUP of comp outClk<0>
   is set but the tri state is not configured. 
WARNING:PhysDesignRules:781 - PULLUP on an active net. PULLUP of comp outClk<1>
   is set but the tri state is not configured. 
WARNING:PhysDesignRules:781 - PULLUP on an active net. PULLUP of comp outClk<2>
   is set but the tri state is not configured. 
WARNING:PhysDesignRules:781 - PULLUP on an active net. PULLUP of comp OutBlue<1>
   is set but the tri state is not configured. 
WARNING:PhysDesignRules:781 - PULLUP on an active net. PULLUP of comp OutBlue<2>
   is set but the tri state is not configured. 
WARNING:PhysDesignRules:781 - PULLUP on an active net. PULLUP of comp OutRed<0>
   is set but the tri state is not configured. 
WARNING:PhysDesignRules:781 - PULLUP on an active net. PULLUP of comp OutRed<1>
   is set but the tri state is not configured. 
WARNING:PhysDesignRules:781 - PULLUP on an active net. PULLUP of comp OutRed<2>
   is set but the tri state is not configured. 
WARNING:PhysDesignRules:812 - Dangling pin <DOB1> on
   block:<sound_i/siner/sin_instance/U0/xst_blk_mem_generator/gnativebmg.native_
   blk_mem_gen/valid.cstr/ramloop[0].ram.r/s3_init.ram/spram.ram.B>:<RAMB16_RAMB
   16B>.
WARNING:PhysDesignRules:812 - Dangling pin <DOB2> on
   block:<sound_i/siner/sin_instance/U0/xst_blk_mem_generator/gnativebmg.native_
   blk_mem_gen/valid.cstr/ramloop[0].ram.r/s3_init.ram/spram.ram.B>:<RAMB16_RAMB
   16B>.
WARNING:PhysDesignRules:812 - Dangling pin <DOB3> on
   block:<sound_i/siner/sin_instance/U0/xst_blk_mem_generator/gnativebmg.native_
   blk_mem_gen/valid.cstr/ramloop[0].ram.r/s3_init.ram/spram.ram.B>:<RAMB16_RAMB
   16B>.
WARNING:PhysDesignRules:812 - Dangling pin <DOB4> on
   block:<sound_i/siner/sin_instance/U0/xst_blk_mem_generator/gnativebmg.native_
   blk_mem_gen/valid.cstr/ramloop[0].ram.r/s3_init.ram/spram.ram.B>:<RAMB16_RAMB
   16B>.
WARNING:PhysDesignRules:812 - Dangling pin <DOB5> on
   block:<sound_i/siner/sin_instance/U0/xst_blk_mem_generator/gnativebmg.native_
   blk_mem_gen/valid.cstr/ramloop[0].ram.r/s3_init.ram/spram.ram.B>:<RAMB16_RAMB
   16B>.
WARNING:PhysDesignRules:812 - Dangling pin <DOB6> on
   block:<sound_i/siner/sin_instance/U0/xst_blk_mem_generator/gnativebmg.native_
   blk_mem_gen/valid.cstr/ramloop[0].ram.r/s3_init.ram/spram.ram.B>:<RAMB16_RAMB
   16B>.
WARNING:PhysDesignRules:812 - Dangling pin <DOB7> on
   block:<sound_i/siner/sin_instance/U0/xst_blk_mem_generator/gnativebmg.native_
   blk_mem_gen/valid.cstr/ramloop[0].ram.r/s3_init.ram/spram.ram.B>:<RAMB16_RAMB
   16B>.
WARNING:PhysDesignRules:812 - Dangling pin <DOB9> on
   block:<sound_i/siner/sin_instance/U0/xst_blk_mem_generator/gnativebmg.native_
   blk_mem_gen/valid.cstr/ramloop[0].ram.r/s3_init.ram/spram.ram.B>:<RAMB16_RAMB
   16B>.
WARNING:PhysDesignRules:812 - Dangling pin <DOB10> on
   block:<sound_i/siner/sin_instance/U0/xst_blk_mem_generator/gnativebmg.native_
   blk_mem_gen/valid.cstr/ramloop[0].ram.r/s3_init.ram/spram.ram.B>:<RAMB16_RAMB
   16B>.
WARNING:PhysDesignRules:812 - Dangling pin <DOB11> on
   block:<sound_i/siner/sin_instance/U0/xst_blk_mem_generator/gnativebmg.native_
   blk_mem_gen/valid.cstr/ramloop[0].ram.r/s3_init.ram/spram.ram.B>:<RAMB16_RAMB
   16B>.
WARNING:PhysDesignRules:812 - Dangling pin <DOB12> on
   block:<sound_i/siner/sin_instance/U0/xst_blk_mem_generator/gnativebmg.native_
   blk_mem_gen/valid.cstr/ramloop[0].ram.r/s3_init.ram/spram.ram.B>:<RAMB16_RAMB
   16B>.
WARNING:PhysDesignRules:812 - Dangling pin <DOB13> on
   block:<sound_i/siner/sin_instance/U0/xst_blk_mem_generator/gnativebmg.native_
   blk_mem_gen/valid.cstr/ramloop[0].ram.r/s3_init.ram/spram.ram.B>:<RAMB16_RAMB
   16B>.
WARNING:PhysDesignRules:812 - Dangling pin <DOB14> on
   block:<sound_i/siner/sin_instance/U0/xst_blk_mem_generator/gnativebmg.native_
   blk_mem_gen/valid.cstr/ramloop[0].ram.r/s3_init.ram/spram.ram.B>:<RAMB16_RAMB
   16B>.
WARNING:PhysDesignRules:812 - Dangling pin <DOB15> on
   block:<sound_i/siner/sin_instance/U0/xst_blk_mem_generator/gnativebmg.native_
   blk_mem_gen/valid.cstr/ramloop[0].ram.r/s3_init.ram/spram.ram.B>:<RAMB16_RAMB
   16B>.
WARNING:PhysDesignRules:812 - Dangling pin <DOB17> on
   block:<sound_i/siner/sin_instance/U0/xst_blk_mem_generator/gnativebmg.native_
   blk_mem_gen/valid.cstr/ramloop[0].ram.r/s3_init.ram/spram.ram.B>:<RAMB16_RAMB
   16B>.
WARNING:PhysDesignRules:812 - Dangling pin <DOB18> on
   block:<sound_i/siner/sin_instance/U0/xst_blk_mem_generator/gnativebmg.native_
   blk_mem_gen/valid.cstr/ramloop[0].ram.r/s3_init.ram/spram.ram.B>:<RAMB16_RAMB
   16B>.
WARNING:PhysDesignRules:812 - Dangling pin <DOB19> on
   block:<sound_i/siner/sin_instance/U0/xst_blk_mem_generator/gnativebmg.native_
   blk_mem_gen/valid.cstr/ramloop[0].ram.r/s3_init.ram/spram.ram.B>:<RAMB16_RAMB
   16B>.
WARNING:PhysDesignRules:812 - Dangling pin <DOB20> on
   block:<sound_i/siner/sin_instance/U0/xst_blk_mem_generator/gnativebmg.native_
   blk_mem_gen/valid.cstr/ramloop[0].ram.r/s3_init.ram/spram.ram.B>:<RAMB16_RAMB
   16B>.
WARNING:PhysDesignRules:812 - Dangling pin <DOB21> on
   block:<sound_i/siner/sin_instance/U0/xst_blk_mem_generator/gnativebmg.native_
   blk_mem_gen/valid.cstr/ramloop[0].ram.r/s3_init.ram/spram.ram.B>:<RAMB16_RAMB
   16B>.
WARNING:PhysDesignRules:812 - Dangling pin <DOB22> on
   block:<sound_i/siner/sin_instance/U0/xst_blk_mem_generator/gnativebmg.native_
   blk_mem_gen/valid.cstr/ramloop[0].ram.r/s3_init.ram/spram.ram.B>:<RAMB16_RAMB
   16B>.
WARNING:PhysDesignRules:812 - Dangling pin <DOB23> on
   block:<sound_i/siner/sin_instance/U0/xst_blk_mem_generator/gnativebmg.native_
   blk_mem_gen/valid.cstr/ramloop[0].ram.r/s3_init.ram/spram.ram.B>:<RAMB16_RAMB
   16B>.
WARNING:PhysDesignRules:812 - Dangling pin <DOB25> on
   block:<sound_i/siner/sin_instance/U0/xst_blk_mem_generator/gnativebmg.native_
   blk_mem_gen/valid.cstr/ramloop[0].ram.r/s3_init.ram/spram.ram.B>:<RAMB16_RAMB
   16B>.
WARNING:PhysDesignRules:812 - Dangling pin <DOB26> on
   block:<sound_i/siner/sin_instance/U0/xst_blk_mem_generator/gnativebmg.native_
   blk_mem_gen/valid.cstr/ramloop[0].ram.r/s3_init.ram/spram.ram.B>:<RAMB16_RAMB
   16B>.
WARNING:PhysDesignRules:812 - Dangling pin <DOB27> on
   block:<sound_i/siner/sin_instance/U0/xst_blk_mem_generator/gnativebmg.native_
   blk_mem_gen/valid.cstr/ramloop[0].ram.r/s3_init.ram/spram.ram.B>:<RAMB16_RAMB
   16B>.
WARNING:PhysDesignRules:812 - Dangling pin <DOB28> on
   block:<sound_i/siner/sin_instance/U0/xst_blk_mem_generator/gnativebmg.native_
   blk_mem_gen/valid.cstr/ramloop[0].ram.r/s3_init.ram/spram.ram.B>:<RAMB16_RAMB
   16B>.
WARNING:PhysDesignRules:812 - Dangling pin <DOB29> on
   block:<sound_i/siner/sin_instance/U0/xst_blk_mem_generator/gnativebmg.native_
   blk_mem_gen/valid.cstr/ramloop[0].ram.r/s3_init.ram/spram.ram.B>:<RAMB16_RAMB
   16B>.
WARNING:PhysDesignRules:812 - Dangling pin <DOB30> on
   block:<sound_i/siner/sin_instance/U0/xst_blk_mem_generator/gnativebmg.native_
   blk_mem_gen/valid.cstr/ramloop[0].ram.r/s3_init.ram/spram.ram.B>:<RAMB16_RAMB
   16B>.
WARNING:PhysDesignRules:812 - Dangling pin <DOB31> on
   block:<sound_i/siner/sin_instance/U0/xst_blk_mem_generator/gnativebmg.native_
   blk_mem_gen/valid.cstr/ramloop[0].ram.r/s3_init.ram/spram.ram.B>:<RAMB16_RAMB
   16B>.

Section 3 - Informational
-------------------------
INFO:LIT:243 - Logical network btn<3>_IBUF has no load.
INFO:LIT:395 - The above info message is repeated 10 more times for the
   following (max. 5 shown):
   btn<2>_IBUF,
   btn<1>_IBUF,
   sw<7>_IBUF,
   sw<6>_IBUF,
   sw<5>_IBUF
   To see the details of these info messages, please use the -detail switch.
INFO:MapLib:562 - No environment variables are currently set.
INFO:LIT:244 - All of the single ended outputs in this design are using slew
   rate limited output drivers. The delay on speed critical single ended outputs
   can be dramatically reduced by designating them as fast outputs.

Section 4 - Removed Logic Summary
---------------------------------
   4 block(s) optimized away

Section 5 - Removed Logic
-------------------------

Optimized Block(s):
TYPE 		BLOCK
GND 		XST_GND
VCC 		XST_VCC
GND 		sound_i/siner/sin_instance/XST_GND
VCC 		sound_i/siner/sin_instance/XST_VCC

To enable printing of redundant blocks removed and signals merged, set the
detailed map report option and rerun map.

Section 6 - IOB Properties
--------------------------

+---------------------------------------------------------------------------------------------------------------------------------------------------------+
| IOB Name                           | Type             | Direction | IO Standard          | Diff  | Drive    | Slew | Reg (s)      | Resistor | IOB      |
|                                    |                  |           |                      | Term  | Strength | Rate |              |          | Delay    |
+---------------------------------------------------------------------------------------------------------------------------------------------------------+
| HSYNC                              | IOB              | OUTPUT    | LVCMOS25             |       | 2        | SLOW |              | PULLUP   | 0 / 0    |
| Led<0>                             | IOB              | OUTPUT    | LVCMOS25             |       | 12       | SLOW |              |          | 0 / 0    |
| Led<1>                             | IOB              | OUTPUT    | LVCMOS25             |       | 12       | SLOW |              |          | 0 / 0    |
| Led<2>                             | IOB              | OUTPUT    | LVCMOS25             |       | 12       | SLOW |              |          | 0 / 0    |
| Led<3>                             | IOB              | OUTPUT    | LVCMOS25             |       | 12       | SLOW |              |          | 0 / 0    |
| Led<4>                             | IOB              | OUTPUT    | LVCMOS25             |       | 12       | SLOW |              |          | 0 / 0    |
| Led<5>                             | IOB              | OUTPUT    | LVCMOS25             |       | 12       | SLOW |              |          | 0 / 0    |
| Led<6>                             | IOB              | OUTPUT    | LVCMOS25             |       | 12       | SLOW |              |          | 0 / 0    |
| Led<7>                             | IOB              | OUTPUT    | LVCMOS25             |       | 12       | SLOW |              |          | 0 / 0    |
| OutBlue<0>                         | IOB              | OUTPUT    | LVCMOS25             |       | 12       | SLOW |              |          | 0 / 0    |
| OutBlue<1>                         | IOB              | OUTPUT    | LVCMOS25             |       | 2        | SLOW |              | PULLUP   | 0 / 0    |
| OutBlue<2>                         | IOB              | OUTPUT    | LVCMOS25             |       | 2        | SLOW |              | PULLUP   | 0 / 0    |
| OutGreen<0>                        | IOB              | OUTPUT    | LVCMOS25             |       | 2        | SLOW |              | PULLUP   | 0 / 0    |
| OutGreen<1>                        | IOB              | OUTPUT    | LVCMOS25             |       | 2        | SLOW |              | PULLUP   | 0 / 0    |
| OutGreen<2>                        | IOB              | OUTPUT    | LVCMOS25             |       | 2        | SLOW |              | PULLUP   | 0 / 0    |
| OutRed<0>                          | IOB              | OUTPUT    | LVCMOS25             |       | 2        | SLOW |              | PULLUP   | 0 / 0    |
| OutRed<1>                          | IOB              | OUTPUT    | LVCMOS25             |       | 2        | SLOW |              | PULLUP   | 0 / 0    |
| OutRed<2>                          | IOB              | OUTPUT    | LVCMOS25             |       | 2        | SLOW |              | PULLUP   | 0 / 0    |
| PS2C                               | IBUF             | INPUT     | LVCMOS25             |       |          |      |              | PULLUP   | 0 / 0    |
| PS2D                               | IBUF             | INPUT     | LVCMOS25             |       |          |      |              | PULLUP   | 0 / 0    |
| VSYNC                              | IOB              | OUTPUT    | LVCMOS25             |       | 2        | SLOW |              | PULLUP   | 0 / 0    |
| btn<0>                             | IBUF             | INPUT     | LVCMOS25             |       |          |      |              |          | 0 / 0    |
| btn<1>                             | IBUF             | INPUT     | LVCMOS25             |       |          |      |              |          | 0 / 0    |
| btn<2>                             | IBUF             | INPUT     | LVCMOS25             |       |          |      |              |          | 0 / 0    |
| btn<3>                             | IBUF             | INPUT     | LVCMOS25             |       |          |      |              |          | 0 / 0    |
| mclk                               | IBUF             | INPUT     | LVCMOS25             |       |          |      |              |          | 0 / 0    |
| outClk<0>                          | IOB              | OUTPUT    | LVCMOS25             |       | 2        | SLOW |              | PULLUP   | 0 / 0    |
| outClk<1>                          | IOB              | OUTPUT    | LVCMOS25             |       | 2        | SLOW |              | PULLUP   | 0 / 0    |
| outClk<2>                          | IOB              | OUTPUT    | LVCMOS25             |       | 2        | SLOW |              | PULLUP   | 0 / 0    |
| salida_pwm                         | IOB              | OUTPUT    | LVCMOS25             |       | 2        | SLOW |              | PULLUP   | 0 / 0    |
| sw<0>                              | IBUF             | INPUT     | LVCMOS25             |       |          |      |              |          | 0 / 0    |
| sw<1>                              | IBUF             | INPUT     | LVCMOS25             |       |          |      |              |          | 0 / 0    |
| sw<2>                              | IBUF             | INPUT     | LVCMOS25             |       |          |      |              |          | 0 / 0    |
| sw<3>                              | IBUF             | INPUT     | LVCMOS25             |       |          |      |              |          | 0 / 0    |
| sw<4>                              | IBUF             | INPUT     | LVCMOS25             |       |          |      |              |          | 0 / 0    |
| sw<5>                              | IBUF             | INPUT     | LVCMOS25             |       |          |      |              |          | 0 / 0    |
| sw<6>                              | IBUF             | INPUT     | LVCMOS25             |       |          |      |              |          | 0 / 0    |
| sw<7>                              | IBUF             | INPUT     | LVCMOS25             |       |          |      |              |          | 0 / 0    |
+---------------------------------------------------------------------------------------------------------------------------------------------------------+

Section 7 - RPMs
----------------

Section 8 - Guide Report
------------------------
Guide not run on this design.

Section 9 - Area Group and Partition Summary
--------------------------------------------

Partition Implementation Status
-------------------------------

  No Partitions were found in this design.

-------------------------------

Area Group Information
----------------------

  No area groups were found in this design.

----------------------

Section 10 - Timing Report
--------------------------
This design was not run using timing mode.

Section 11 - Configuration String Details
-----------------------------------------
Use the "-detail" map option to print out Configuration Strings

Section 12 - Control Set Information
------------------------------------
No control set information for this architecture.

Section 13 - Utilization by Hierarchy
-------------------------------------
Use the "-detail" map option to print out the Utilization by Hierarchy section.
